2021-03-17 08:59:11,521:INFO:PyCaret Regression Module
2021-03-17 08:59:11,522:INFO:version 2.0
2021-03-17 08:59:11,522:INFO:Initializing setup()
2021-03-17 08:59:11,522:INFO:USI: a74c
2021-03-17 08:59:11,522:INFO:setup(data=(1338, 7), target=charge, train_size=0.7, sampling=True, sample_estimator=None, categorical_features=None, categorical_imputation=constant, ordinal_features=None,
                    high_cardinality_features=None, high_cardinality_method=frequency, numeric_features=None, numeric_imputation=mean, date_features=None, ignore_features=None, normalize=False,
                    normalize_method=zscore, transformation=False, transformation_method=yeo-johnson, handle_unknown_categorical=True, unknown_categorical_method=least_frequent, pca=False, pca_method=linear,
                    pca_components=None, ignore_low_variance=False, combine_rare_levels=False, rare_level_threshold=0.1, bin_numeric_features=None, remove_outliers=False, outliers_threshold=0.05,
                    remove_multicollinearity=False, multicollinearity_threshold=0.9, remove_perfect_collinearity=False, create_clusters=False, cluster_iter=20,
                    polynomial_features=False, polynomial_degree=2, trigonometry_features=False, polynomial_threshold=0.1, group_features=None,
                    group_names=None, feature_selection=False, feature_selection_threshold=0.8, feature_interaction=False, feature_ratio=False, interaction_threshold=0.01, transform_target=False,
                    transform_target_method=box-cox, data_split_shuffle=True, folds_shuffle=False, n_jobs=-1, html=False, session_id=4, log_experiment=False,
                    experiment_name=None, log_plots=False, log_profile=False, log_data=False, silent=True, verbose=True, profile=False)
2021-03-17 08:59:11,522:INFO:Checking environment
2021-03-17 08:59:11,522:INFO:python_version: 3.7.7
2021-03-17 08:59:11,523:INFO:python_build: ('default', 'May  6 2020 11:45:54')
2021-03-17 08:59:11,523:INFO:machine: AMD64
2021-03-17 08:59:11,523:INFO:platform: Windows-10-10.0.19041-SP0
2021-03-17 08:59:11,524:WARNING:cannot find psutil installation. memory not traceable. Install psutil using pip to enable memory logging. 
2021-03-17 08:59:11,524:INFO:Checking libraries
2021-03-17 08:59:11,524:INFO:pd==1.1.3
2021-03-17 08:59:11,525:INFO:numpy==1.19.1
2021-03-17 08:59:13,298:INFO:sklearn==0.24.1
2021-03-17 08:59:13,470:INFO:xgboost==1.3.3
2021-03-17 08:59:13,648:INFO:lightgbm==3.1.1
2021-03-17 08:59:13,768:INFO:catboost==0.24.4
2021-03-17 08:59:14,221:INFO:mlflow==1.14.1
2021-03-17 08:59:14,221:INFO:Checking Exceptions
2021-03-17 08:59:48,300:INFO:PyCaret Regression Module
2021-03-17 08:59:48,300:INFO:version 2.0
2021-03-17 08:59:48,300:INFO:Initializing setup()
2021-03-17 08:59:48,300:INFO:USI: 4d29
2021-03-17 08:59:48,300:INFO:setup(data=(1338, 7), target=charges, train_size=0.7, sampling=True, sample_estimator=None, categorical_features=None, categorical_imputation=constant, ordinal_features=None,
                    high_cardinality_features=None, high_cardinality_method=frequency, numeric_features=None, numeric_imputation=mean, date_features=None, ignore_features=None, normalize=False,
                    normalize_method=zscore, transformation=False, transformation_method=yeo-johnson, handle_unknown_categorical=True, unknown_categorical_method=least_frequent, pca=False, pca_method=linear,
                    pca_components=None, ignore_low_variance=False, combine_rare_levels=False, rare_level_threshold=0.1, bin_numeric_features=None, remove_outliers=False, outliers_threshold=0.05,
                    remove_multicollinearity=False, multicollinearity_threshold=0.9, remove_perfect_collinearity=False, create_clusters=False, cluster_iter=20,
                    polynomial_features=False, polynomial_degree=2, trigonometry_features=False, polynomial_threshold=0.1, group_features=None,
                    group_names=None, feature_selection=False, feature_selection_threshold=0.8, feature_interaction=False, feature_ratio=False, interaction_threshold=0.01, transform_target=False,
                    transform_target_method=box-cox, data_split_shuffle=True, folds_shuffle=False, n_jobs=-1, html=False, session_id=4, log_experiment=False,
                    experiment_name=None, log_plots=False, log_profile=False, log_data=False, silent=True, verbose=True, profile=False)
2021-03-17 08:59:48,300:INFO:Checking environment
2021-03-17 08:59:48,300:INFO:python_version: 3.7.7
2021-03-17 08:59:48,300:INFO:python_build: ('default', 'May  6 2020 11:45:54')
2021-03-17 08:59:48,300:INFO:machine: AMD64
2021-03-17 08:59:48,300:INFO:platform: Windows-10-10.0.19041-SP0
2021-03-17 08:59:48,302:WARNING:cannot find psutil installation. memory not traceable. Install psutil using pip to enable memory logging. 
2021-03-17 08:59:48,302:INFO:Checking libraries
2021-03-17 08:59:48,302:INFO:pd==1.1.3
2021-03-17 08:59:48,302:INFO:numpy==1.19.1
2021-03-17 08:59:48,302:INFO:sklearn==0.24.1
2021-03-17 08:59:48,302:INFO:xgboost==1.3.3
2021-03-17 08:59:48,302:INFO:lightgbm==3.1.1
2021-03-17 08:59:48,302:INFO:catboost==0.24.4
2021-03-17 08:59:48,302:INFO:mlflow==1.14.1
2021-03-17 08:59:48,302:INFO:Checking Exceptions
2021-03-17 08:59:48,302:INFO:Preloading libraries
2021-03-17 08:59:48,303:INFO:Preparing display monitor
2021-03-17 08:59:48,317:INFO:Importing libraries
2021-03-17 08:59:49,676:INFO:Copying data for preprocessing
2021-03-17 08:59:49,677:INFO:Declaring global variables
2021-03-17 08:59:49,677:INFO:Declaring preprocessing parameters
2021-03-17 08:59:49,677:INFO:Importing preprocessing module
2021-03-17 08:59:50,836:INFO:Creating preprocessing pipeline
2021-03-17 08:59:50,986:INFO:Preprocessing pipeline created successfully
2021-03-17 08:59:50,986:INFO:No inverse transformer found
2021-03-17 08:59:50,986:INFO:Creating grid variables
2021-03-17 08:59:50,989:INFO:Creating global containers
2021-03-17 08:59:51,084:INFO:create_model_container: 0
2021-03-17 08:59:51,084:INFO:master_model_container: 0
2021-03-17 08:59:51,084:INFO:display_container: 0
2021-03-17 08:59:51,084:INFO:setup() succesfully completed......................................
2021-03-17 08:59:51,085:INFO:Initializing compare_models()
2021-03-17 08:59:51,085:INFO:compare_models(blacklist=None, whitelist=None, fold=10, round=4, sort=R2, n_select=1, turbo=True, verbose=True)
2021-03-17 08:59:51,085:INFO:Checking exceptions
2021-03-17 08:59:51,085:INFO:Preloading libraries
2021-03-17 08:59:51,085:INFO:Preparing display monitor
2021-03-17 08:59:51,098:INFO:Copying training dataset
2021-03-17 08:59:51,099:INFO:Importing libraries
2021-03-17 08:59:51,108:INFO:Importing untrained models
2021-03-17 08:59:51,110:INFO:Import successful
2021-03-17 08:59:51,111:INFO:Defining folds
2021-03-17 09:02:18,710:INFO:PyCaret Regression Module
2021-03-17 09:02:18,711:INFO:version 2.0
2021-03-17 09:02:18,711:INFO:Initializing setup()
2021-03-17 09:02:18,711:INFO:USI: 51f3
2021-03-17 09:02:18,711:INFO:setup(data=(1338, 7), target=charges, train_size=0.7, sampling=True, sample_estimator=None, categorical_features=None, categorical_imputation=constant, ordinal_features=None,
                    high_cardinality_features=None, high_cardinality_method=frequency, numeric_features=None, numeric_imputation=mean, date_features=None, ignore_features=None, normalize=False,
                    normalize_method=zscore, transformation=False, transformation_method=yeo-johnson, handle_unknown_categorical=True, unknown_categorical_method=least_frequent, pca=False, pca_method=linear,
                    pca_components=None, ignore_low_variance=False, combine_rare_levels=False, rare_level_threshold=0.1, bin_numeric_features=None, remove_outliers=False, outliers_threshold=0.05,
                    remove_multicollinearity=False, multicollinearity_threshold=0.9, remove_perfect_collinearity=False, create_clusters=False, cluster_iter=20,
                    polynomial_features=False, polynomial_degree=2, trigonometry_features=False, polynomial_threshold=0.1, group_features=None,
                    group_names=None, feature_selection=False, feature_selection_threshold=0.8, feature_interaction=False, feature_ratio=False, interaction_threshold=0.01, transform_target=False,
                    transform_target_method=box-cox, data_split_shuffle=True, folds_shuffle=False, n_jobs=-1, html=False, session_id=4, log_experiment=False,
                    experiment_name=None, log_plots=False, log_profile=False, log_data=False, silent=True, verbose=True, profile=False)
2021-03-17 09:02:18,711:INFO:Checking environment
2021-03-17 09:02:18,711:INFO:python_version: 3.7.7
2021-03-17 09:02:18,711:INFO:python_build: ('default', 'May  6 2020 11:45:54')
2021-03-17 09:02:18,712:INFO:machine: AMD64
2021-03-17 09:02:18,712:INFO:platform: Windows-10-10.0.19041-SP0
2021-03-17 09:02:18,713:WARNING:cannot find psutil installation. memory not traceable. Install psutil using pip to enable memory logging. 
2021-03-17 09:02:18,714:INFO:Checking libraries
2021-03-17 09:02:18,714:INFO:pd==1.1.3
2021-03-17 09:02:18,714:INFO:numpy==1.19.1
2021-03-17 09:02:18,714:INFO:sklearn==0.24.1
2021-03-17 09:02:18,714:INFO:xgboost==1.3.3
2021-03-17 09:02:18,714:INFO:lightgbm==3.1.1
2021-03-17 09:02:18,714:INFO:catboost==0.24.4
2021-03-17 09:02:18,714:INFO:mlflow==1.14.1
2021-03-17 09:02:18,714:INFO:Checking Exceptions
2021-03-17 09:02:18,714:INFO:Preloading libraries
2021-03-17 09:02:18,714:INFO:Preparing display monitor
2021-03-17 09:02:18,724:INFO:Importing libraries
2021-03-17 09:02:18,737:INFO:Copying data for preprocessing
2021-03-17 09:02:18,738:INFO:Declaring global variables
2021-03-17 09:02:18,738:INFO:Declaring preprocessing parameters
2021-03-17 09:02:18,739:INFO:Importing preprocessing module
2021-03-17 09:02:18,739:INFO:Creating preprocessing pipeline
2021-03-17 09:02:18,825:INFO:Preprocessing pipeline created successfully
2021-03-17 09:02:18,826:INFO:No inverse transformer found
2021-03-17 09:02:18,826:INFO:Creating grid variables
2021-03-17 09:02:18,828:INFO:Creating global containers
2021-03-17 09:02:18,843:INFO:create_model_container: 0
2021-03-17 09:02:18,844:INFO:master_model_container: 0
2021-03-17 09:02:18,845:INFO:display_container: 0
2021-03-17 09:02:18,845:INFO:setup() succesfully completed......................................
2021-03-17 09:02:18,846:INFO:Initializing compare_models()
2021-03-17 09:02:18,846:INFO:compare_models(blacklist=None, whitelist=None, fold=10, round=4, sort=R2, n_select=1, turbo=True, verbose=True)
2021-03-17 09:02:18,846:INFO:Checking exceptions
2021-03-17 09:02:18,846:INFO:Preloading libraries
2021-03-17 09:02:18,846:INFO:Preparing display monitor
2021-03-17 09:02:18,863:INFO:Copying training dataset
2021-03-17 09:02:18,864:INFO:Importing libraries
2021-03-17 09:02:18,866:INFO:Importing untrained models
2021-03-17 09:02:18,866:INFO:Import successful
2021-03-17 09:02:18,867:INFO:Defining folds
2021-03-17 09:02:47,332:INFO:PyCaret Regression Module
2021-03-17 09:02:47,333:INFO:version 2.0
2021-03-17 09:02:47,333:INFO:Initializing setup()
2021-03-17 09:02:47,333:INFO:USI: b282
2021-03-17 09:02:47,333:INFO:setup(data=(1338, 7), target=charge, train_size=0.7, sampling=True, sample_estimator=None, categorical_features=None, categorical_imputation=constant, ordinal_features=None,
                    high_cardinality_features=None, high_cardinality_method=frequency, numeric_features=None, numeric_imputation=mean, date_features=None, ignore_features=None, normalize=False,
                    normalize_method=zscore, transformation=False, transformation_method=yeo-johnson, handle_unknown_categorical=True, unknown_categorical_method=least_frequent, pca=False, pca_method=linear,
                    pca_components=None, ignore_low_variance=False, combine_rare_levels=False, rare_level_threshold=0.1, bin_numeric_features=None, remove_outliers=False, outliers_threshold=0.05,
                    remove_multicollinearity=False, multicollinearity_threshold=0.9, remove_perfect_collinearity=False, create_clusters=False, cluster_iter=20,
                    polynomial_features=False, polynomial_degree=2, trigonometry_features=False, polynomial_threshold=0.1, group_features=None,
                    group_names=None, feature_selection=False, feature_selection_threshold=0.8, feature_interaction=False, feature_ratio=False, interaction_threshold=0.01, transform_target=False,
                    transform_target_method=box-cox, data_split_shuffle=True, folds_shuffle=False, n_jobs=-1, html=False, session_id=4, log_experiment=False,
                    experiment_name=None, log_plots=False, log_profile=False, log_data=False, silent=True, verbose=True, profile=False)
2021-03-17 09:02:47,333:INFO:Checking environment
2021-03-17 09:02:47,333:INFO:python_version: 3.7.7
2021-03-17 09:02:47,333:INFO:python_build: ('default', 'May  6 2020 11:45:54')
2021-03-17 09:02:47,333:INFO:machine: AMD64
2021-03-17 09:02:47,333:INFO:platform: Windows-10-10.0.19041-SP0
2021-03-17 09:02:47,334:WARNING:cannot find psutil installation. memory not traceable. Install psutil using pip to enable memory logging. 
2021-03-17 09:02:47,335:INFO:Checking libraries
2021-03-17 09:02:47,335:INFO:pd==1.1.3
2021-03-17 09:02:47,335:INFO:numpy==1.19.1
2021-03-17 09:02:47,335:INFO:sklearn==0.24.1
2021-03-17 09:02:47,335:INFO:xgboost==1.3.3
2021-03-17 09:02:47,335:INFO:lightgbm==3.1.1
2021-03-17 09:02:47,335:INFO:catboost==0.24.4
2021-03-17 09:02:47,335:INFO:mlflow==1.14.1
2021-03-17 09:02:47,335:INFO:Checking Exceptions
2021-03-17 09:02:55,827:INFO:PyCaret Regression Module
2021-03-17 09:02:55,827:INFO:version 2.0
2021-03-17 09:02:55,827:INFO:Initializing setup()
2021-03-17 09:02:55,827:INFO:USI: 6aea
2021-03-17 09:02:55,827:INFO:setup(data=(1338, 7), target=charges, train_size=0.7, sampling=True, sample_estimator=None, categorical_features=None, categorical_imputation=constant, ordinal_features=None,
                    high_cardinality_features=None, high_cardinality_method=frequency, numeric_features=None, numeric_imputation=mean, date_features=None, ignore_features=None, normalize=False,
                    normalize_method=zscore, transformation=False, transformation_method=yeo-johnson, handle_unknown_categorical=True, unknown_categorical_method=least_frequent, pca=False, pca_method=linear,
                    pca_components=None, ignore_low_variance=False, combine_rare_levels=False, rare_level_threshold=0.1, bin_numeric_features=None, remove_outliers=False, outliers_threshold=0.05,
                    remove_multicollinearity=False, multicollinearity_threshold=0.9, remove_perfect_collinearity=False, create_clusters=False, cluster_iter=20,
                    polynomial_features=False, polynomial_degree=2, trigonometry_features=False, polynomial_threshold=0.1, group_features=None,
                    group_names=None, feature_selection=False, feature_selection_threshold=0.8, feature_interaction=False, feature_ratio=False, interaction_threshold=0.01, transform_target=False,
                    transform_target_method=box-cox, data_split_shuffle=True, folds_shuffle=False, n_jobs=-1, html=False, session_id=4, log_experiment=False,
                    experiment_name=None, log_plots=False, log_profile=False, log_data=False, silent=True, verbose=True, profile=False)
2021-03-17 09:02:55,828:INFO:Checking environment
2021-03-17 09:02:55,828:INFO:python_version: 3.7.7
2021-03-17 09:02:55,828:INFO:python_build: ('default', 'May  6 2020 11:45:54')
2021-03-17 09:02:55,828:INFO:machine: AMD64
2021-03-17 09:02:55,828:INFO:platform: Windows-10-10.0.19041-SP0
2021-03-17 09:02:55,829:WARNING:cannot find psutil installation. memory not traceable. Install psutil using pip to enable memory logging. 
2021-03-17 09:02:55,829:INFO:Checking libraries
2021-03-17 09:02:55,829:INFO:pd==1.1.3
2021-03-17 09:02:55,830:INFO:numpy==1.19.1
2021-03-17 09:02:55,830:INFO:sklearn==0.24.1
2021-03-17 09:02:55,830:INFO:xgboost==1.3.3
2021-03-17 09:02:55,830:INFO:lightgbm==3.1.1
2021-03-17 09:02:55,830:INFO:catboost==0.24.4
2021-03-17 09:02:55,830:INFO:mlflow==1.14.1
2021-03-17 09:02:55,830:INFO:Checking Exceptions
2021-03-17 09:02:55,830:INFO:Preloading libraries
2021-03-17 09:02:55,831:INFO:Preparing display monitor
2021-03-17 09:02:55,843:INFO:Importing libraries
2021-03-17 09:02:55,856:INFO:Copying data for preprocessing
2021-03-17 09:02:55,856:INFO:Declaring global variables
2021-03-17 09:02:55,856:INFO:Declaring preprocessing parameters
2021-03-17 09:02:55,856:INFO:Importing preprocessing module
2021-03-17 09:02:55,856:INFO:Creating preprocessing pipeline
2021-03-17 09:02:55,941:INFO:Preprocessing pipeline created successfully
2021-03-17 09:02:55,941:INFO:No inverse transformer found
2021-03-17 09:02:55,942:INFO:Creating grid variables
2021-03-17 09:02:55,943:INFO:Creating global containers
2021-03-17 09:02:55,956:INFO:create_model_container: 0
2021-03-17 09:02:55,956:INFO:master_model_container: 0
2021-03-17 09:02:55,956:INFO:display_container: 0
2021-03-17 09:02:55,956:INFO:setup() succesfully completed......................................
2021-03-17 09:02:55,957:INFO:Initializing compare_models()
2021-03-17 09:02:55,958:INFO:compare_models(blacklist=None, whitelist=None, fold=10, round=4, sort=R2, n_select=3, turbo=True, verbose=True)
2021-03-17 09:02:55,958:INFO:Checking exceptions
2021-03-17 09:02:55,958:INFO:Preloading libraries
2021-03-17 09:02:55,958:INFO:Preparing display monitor
2021-03-17 09:02:55,967:INFO:Copying training dataset
2021-03-17 09:02:55,968:INFO:Importing libraries
2021-03-17 09:02:55,969:INFO:Importing untrained models
2021-03-17 09:02:55,970:INFO:Import successful
2021-03-17 09:02:55,971:INFO:Defining folds
2021-03-17 09:03:28,483:INFO:PyCaret Regression Module
2021-03-17 09:03:28,483:INFO:version 2.0
2021-03-17 09:03:28,483:INFO:Initializing setup()
2021-03-17 09:03:28,483:INFO:USI: 744a
2021-03-17 09:03:28,484:INFO:setup(data=(1338, 7), target=charges, train_size=0.7, sampling=True, sample_estimator=None, categorical_features=None, categorical_imputation=constant, ordinal_features=None,
                    high_cardinality_features=None, high_cardinality_method=frequency, numeric_features=None, numeric_imputation=mean, date_features=None, ignore_features=None, normalize=False,
                    normalize_method=zscore, transformation=False, transformation_method=yeo-johnson, handle_unknown_categorical=True, unknown_categorical_method=least_frequent, pca=False, pca_method=linear,
                    pca_components=None, ignore_low_variance=False, combine_rare_levels=False, rare_level_threshold=0.1, bin_numeric_features=None, remove_outliers=False, outliers_threshold=0.05,
                    remove_multicollinearity=False, multicollinearity_threshold=0.9, remove_perfect_collinearity=False, create_clusters=False, cluster_iter=20,
                    polynomial_features=False, polynomial_degree=2, trigonometry_features=False, polynomial_threshold=0.1, group_features=None,
                    group_names=None, feature_selection=False, feature_selection_threshold=0.8, feature_interaction=False, feature_ratio=False, interaction_threshold=0.01, transform_target=False,
                    transform_target_method=box-cox, data_split_shuffle=True, folds_shuffle=False, n_jobs=-1, html=False, session_id=4, log_experiment=False,
                    experiment_name=None, log_plots=False, log_profile=False, log_data=False, silent=True, verbose=True, profile=False)
2021-03-17 09:03:28,484:INFO:Checking environment
2021-03-17 09:03:28,484:INFO:python_version: 3.7.7
2021-03-17 09:03:28,484:INFO:python_build: ('default', 'May  6 2020 11:45:54')
2021-03-17 09:03:28,484:INFO:machine: AMD64
2021-03-17 09:03:28,484:INFO:platform: Windows-10-10.0.19041-SP0
2021-03-17 09:03:28,485:WARNING:cannot find psutil installation. memory not traceable. Install psutil using pip to enable memory logging. 
2021-03-17 09:03:28,485:INFO:Checking libraries
2021-03-17 09:03:28,485:INFO:pd==1.1.3
2021-03-17 09:03:28,485:INFO:numpy==1.19.1
2021-03-17 09:03:28,485:INFO:sklearn==0.24.1
2021-03-17 09:03:28,485:INFO:xgboost==1.3.3
2021-03-17 09:03:28,485:INFO:lightgbm==3.1.1
2021-03-17 09:03:28,485:INFO:catboost==0.24.4
2021-03-17 09:03:28,486:INFO:mlflow==1.14.1
2021-03-17 09:03:28,486:INFO:Checking Exceptions
2021-03-17 09:03:28,486:INFO:Preloading libraries
2021-03-17 09:03:28,486:INFO:Preparing display monitor
2021-03-17 09:03:28,496:INFO:Importing libraries
2021-03-17 09:03:28,509:INFO:Copying data for preprocessing
2021-03-17 09:03:28,509:INFO:Declaring global variables
2021-03-17 09:03:28,509:INFO:Declaring preprocessing parameters
2021-03-17 09:03:28,509:INFO:Importing preprocessing module
2021-03-17 09:03:28,510:INFO:Creating preprocessing pipeline
2021-03-17 09:03:28,590:INFO:Preprocessing pipeline created successfully
2021-03-17 09:03:28,590:INFO:No inverse transformer found
2021-03-17 09:03:28,590:INFO:Creating grid variables
2021-03-17 09:03:28,592:INFO:Creating global containers
2021-03-17 09:03:28,605:INFO:create_model_container: 0
2021-03-17 09:03:28,605:INFO:master_model_container: 0
2021-03-17 09:03:28,606:INFO:display_container: 0
2021-03-17 09:03:28,606:INFO:setup() succesfully completed......................................
2021-03-17 09:03:37,979:INFO:PyCaret Regression Module
2021-03-17 09:03:37,979:INFO:version 2.0
2021-03-17 09:03:37,979:INFO:Initializing setup()
2021-03-17 09:03:37,979:INFO:USI: 9558
2021-03-17 09:03:37,979:INFO:setup(data=(1338, 7), target=charges, train_size=0.7, sampling=True, sample_estimator=None, categorical_features=None, categorical_imputation=constant, ordinal_features=None,
                    high_cardinality_features=None, high_cardinality_method=frequency, numeric_features=None, numeric_imputation=mean, date_features=None, ignore_features=None, normalize=False,
                    normalize_method=zscore, transformation=False, transformation_method=yeo-johnson, handle_unknown_categorical=True, unknown_categorical_method=least_frequent, pca=False, pca_method=linear,
                    pca_components=None, ignore_low_variance=False, combine_rare_levels=False, rare_level_threshold=0.1, bin_numeric_features=None, remove_outliers=False, outliers_threshold=0.05,
                    remove_multicollinearity=False, multicollinearity_threshold=0.9, remove_perfect_collinearity=False, create_clusters=False, cluster_iter=20,
                    polynomial_features=False, polynomial_degree=2, trigonometry_features=False, polynomial_threshold=0.1, group_features=None,
                    group_names=None, feature_selection=False, feature_selection_threshold=0.8, feature_interaction=False, feature_ratio=False, interaction_threshold=0.01, transform_target=False,
                    transform_target_method=box-cox, data_split_shuffle=True, folds_shuffle=False, n_jobs=-1, html=False, session_id=4, log_experiment=False,
                    experiment_name=None, log_plots=False, log_profile=False, log_data=False, silent=True, verbose=True, profile=False)
2021-03-17 09:03:37,979:INFO:Checking environment
2021-03-17 09:03:37,979:INFO:python_version: 3.7.7
2021-03-17 09:03:37,979:INFO:python_build: ('default', 'May  6 2020 11:45:54')
2021-03-17 09:03:37,979:INFO:machine: AMD64
2021-03-17 09:03:37,979:INFO:platform: Windows-10-10.0.19041-SP0
2021-03-17 09:03:37,981:WARNING:cannot find psutil installation. memory not traceable. Install psutil using pip to enable memory logging. 
2021-03-17 09:03:37,981:INFO:Checking libraries
2021-03-17 09:03:37,981:INFO:pd==1.1.3
2021-03-17 09:03:37,981:INFO:numpy==1.19.1
2021-03-17 09:03:37,981:INFO:sklearn==0.24.1
2021-03-17 09:03:37,981:INFO:xgboost==1.3.3
2021-03-17 09:03:37,981:INFO:lightgbm==3.1.1
2021-03-17 09:03:37,981:INFO:catboost==0.24.4
2021-03-17 09:03:37,981:INFO:mlflow==1.14.1
2021-03-17 09:03:37,981:INFO:Checking Exceptions
2021-03-17 09:03:37,982:INFO:Preloading libraries
2021-03-17 09:03:37,982:INFO:Preparing display monitor
2021-03-17 09:03:37,990:INFO:Importing libraries
2021-03-17 09:03:37,998:INFO:Copying data for preprocessing
2021-03-17 09:03:37,998:INFO:Declaring global variables
2021-03-17 09:03:37,998:INFO:Declaring preprocessing parameters
2021-03-17 09:03:37,999:INFO:Importing preprocessing module
2021-03-17 09:03:37,999:INFO:Creating preprocessing pipeline
2021-03-17 09:03:38,081:INFO:Preprocessing pipeline created successfully
2021-03-17 09:03:38,082:INFO:No inverse transformer found
2021-03-17 09:03:38,082:INFO:Creating grid variables
2021-03-17 09:03:38,084:INFO:Creating global containers
2021-03-17 09:03:38,096:INFO:create_model_container: 0
2021-03-17 09:03:38,097:INFO:master_model_container: 0
2021-03-17 09:03:38,097:INFO:display_container: 0
2021-03-17 09:03:38,097:INFO:setup() succesfully completed......................................
2021-03-17 09:03:38,098:INFO:Initializing compare_models()
2021-03-17 09:03:38,098:INFO:compare_models(blacklist=None, whitelist=None, fold=10, round=4, sort=R2, n_select=3, turbo=True, verbose=True)
2021-03-17 09:03:38,098:INFO:Checking exceptions
2021-03-17 09:03:38,098:INFO:Preloading libraries
2021-03-17 09:03:38,098:INFO:Preparing display monitor
2021-03-17 09:03:38,120:INFO:Copying training dataset
2021-03-17 09:03:38,122:INFO:Importing libraries
2021-03-17 09:03:38,125:INFO:Importing untrained models
2021-03-17 09:03:38,127:INFO:Import successful
2021-03-17 09:03:38,136:INFO:Defining folds
